2022-09-24 14:34:10.375 [main] INFO  - process started at 2022-09-24 14:34:10.366
2022-09-24 14:34:45.885 [main] INFO  - process finishing at 2022-09-24 14:34:45.885
2022-09-24 14:36:34.061 [main] INFO  - process started at 2022-09-24 14:36:34.053
2022-09-24 14:37:23.155 [main] INFO  - process finishing at 2022-09-24 14:37:23.155
2022-09-24 14:44:02.305 [main] INFO  - process started at 2022-09-24 14:44:02.297
2022-09-24 14:44:43.875 [main] INFO  - process finishing at 2022-09-24 14:44:43.875
2022-09-24 14:46:09.729 [main] INFO  - process started at 2022-09-24 14:46:09.721
2022-09-24 14:46:54.891 [main] INFO  - process finishing at 2022-09-24 14:46:54.891
2022-09-24 14:47:44.495 [main] INFO  - process started at 2022-09-24 14:47:44.486
2022-09-24 14:48:23.808 [main] INFO  - process finishing at 2022-09-24 14:48:23.808
2022-09-24 14:49:18.787 [main] INFO  - process started at 2022-09-24 14:49:18.779
2022-09-24 14:49:44.141 [main] INFO  - tag concept not found
2022-09-24 14:49:44.320 [main] INFO  - tag people not found
2022-09-24 14:49:44.680 [main] INFO  - tag movie not found
2022-09-24 14:51:00.666 [main] INFO  - process started at 2022-09-24 14:51:00.659
2022-09-24 14:51:32.613 [main] INFO  - process finishing at 2022-09-24 14:51:32.613
2022-09-24 14:52:31.094 [main] INFO  - process started at 2022-09-24 14:52:31.084
2022-09-24 14:55:20.035 [main] INFO  - process finishing at 2022-09-24 14:55:20.034
2022-09-24 14:57:57.927 [main] INFO  - process started at 2022-09-24 14:57:57.916
2022-09-24 15:21:06.513 [main] INFO  - process started at 2022-09-24 15:21:06.507
2022-09-24 15:21:39.874 [main] INFO  - process finishing at 2022-09-24 15:21:39.874
2022-09-24 15:23:18.286 [main] INFO  - process started at 2022-09-24 15:23:18.281
2022-09-24 15:23:40.688 [main] INFO  - tag concept not found
2022-09-24 15:23:40.891 [main] INFO  - tag people not found
2022-09-24 15:23:41.455 [main] INFO  - tag movie not found
2022-09-24 15:23:54.293 [main] INFO  - process finishing at 2022-09-24 15:23:54.293
2022-09-24 15:31:58.695 [main] INFO  - process started at 2022-09-24 15:31:58.69
2022-09-24 15:32:29.141 [main] INFO  - process finishing at 2022-09-24 15:32:29.141
2022-09-24 15:32:47.603 [main] INFO  - process started at 2022-09-24 15:32:47.597
2022-09-24 15:33:11.408 [main] INFO  - tag concept not found
2022-09-24 15:33:11.619 [main] INFO  - tag people not found
2022-09-24 15:33:12.132 [main] INFO  - tag movie not found
2022-09-24 15:33:20.823 [main] INFO  - process finishing at 2022-09-24 15:33:20.821
2022-09-25 09:49:40.301 [main] INFO  - process started at 2022-09-25 09:49:40.293
2022-09-25 09:50:11.584 [main] ERROR - error while creating note: C:\Users\User\Documents\luis_obsidian\NeverNote.md
2022-09-25 09:50:11.720 [main] ERROR - error while creating note: C:\Users\User\Documents\luis_obsidian\The Matrix.md
2022-09-25 09:50:25.238 [main] INFO  - process finishing at 2022-09-25 09:50:25.237
2022-09-25 09:52:28.750 [main] INFO  - process started at 2022-09-25 09:52:28.746
2022-09-25 09:53:00.957 [main] ERROR - error while searching note (NotesReader): java.lang.StringIndexOutOfBoundsException: begin 0, end -2, length 0
2022-09-25 09:53:01.113 [main] ERROR - error while searching note (NotesReader): java.lang.StringIndexOutOfBoundsException: begin 0, end -2, length 0
2022-09-25 09:56:58.874 [main] INFO  - process started at 2022-09-25 09:56:58.869
2022-09-25 09:57:27.447 [main] ERROR - error while searching note (NotesReader): java.lang.StringIndexOutOfBoundsException: begin 0, end -2, length 0
2022-09-25 09:57:27.593 [main] ERROR - error while searching note (NotesReader): java.lang.StringIndexOutOfBoundsException: begin 0, end -2, length 0
2022-09-25 10:00:36.206 [main] INFO  - process started at 2022-09-25 10:00:36.201
2022-09-25 10:01:10.176 [main] ERROR - error while searching note (NotesReader): java.lang.StringIndexOutOfBoundsException: begin 0, end -2, length 0
2022-09-25 10:01:10.346 [main] ERROR - error while searching note (NotesReader): java.lang.StringIndexOutOfBoundsException: begin 0, end -2, length 0
2022-09-25 10:01:17.089 [main] INFO  - process finishing at 2022-09-25 10:01:17.089
2022-09-25 10:04:22.252 [main] INFO  - process started at 2022-09-25 10:04:22.246
2022-09-25 10:04:48.753 [main] ERROR - error while searching note (NotesReader): java.lang.StringIndexOutOfBoundsException: begin 0, end -1, length 0
2022-09-25 10:04:49.024 [main] ERROR - error while searching note (NotesReader): java.lang.StringIndexOutOfBoundsException: begin 0, end -1, length 0
2022-09-25 10:12:38.696 [main] INFO  - process started at 2022-09-25 10:12:38.689
2022-09-25 10:13:39.806 [main] ERROR - error while searching note (NotesReader): java.lang.StringIndexOutOfBoundsException: begin -1, end 0, length 0
2022-09-25 10:13:39.943 [main] ERROR - error while searching note (NotesReader): java.lang.StringIndexOutOfBoundsException: begin -1, end 0, length 0
2022-09-25 10:26:02.618 [main] INFO  - process started at 2022-09-25 10:26:02.613
2022-09-25 10:26:29.959 [main] ERROR - error while searching note (NotesReader): java.lang.StringIndexOutOfBoundsException: begin -1, end 0, length 0
2022-09-25 10:26:30.098 [main] ERROR - error while searching note (NotesReader): java.lang.StringIndexOutOfBoundsException: begin -1, end 0, length 0
2022-09-25 10:30:13.749 [main] INFO  - process finishing at 2022-09-25 10:30:13.749
2022-09-25 10:31:17.746 [main] INFO  - process started at 2022-09-25 10:31:17.741
2022-09-25 10:31:47.402 [main] ERROR - error while creating note: C:\Users\User\Documents\luis_obsidian\NeverNote.md
2022-09-25 10:31:47.714 [main] ERROR - error while creating note: C:\Users\User\Documents\luis_obsidian\The Matrix.md
2022-09-25 10:32:34.567 [main] INFO  - process finishing at 2022-09-25 10:32:34.567
2022-09-25 10:55:32.645 [main] INFO  - process started at 2022-09-25 10:55:32.64
2022-09-25 10:56:23.132 [main] ERROR - error while searching note (NotesReader): java.lang.StringIndexOutOfBoundsException: begin -1, end 0, length 0
2022-09-25 10:56:23.398 [main] ERROR - error while searching note (NotesReader): java.lang.StringIndexOutOfBoundsException: begin -1, end 0, length 0
2022-09-25 10:56:42.226 [main] INFO  - process finishing at 2022-09-25 10:56:42.226
2022-09-25 10:58:13.788 [main] INFO  - process started at 2022-09-25 10:58:13.783
2022-09-25 10:58:40.668 [main] ERROR - error while searching note (NotesReader): java.lang.StringIndexOutOfBoundsException: begin -1, end 0, length 0
2022-09-25 10:58:40.955 [main] ERROR - error while searching note (NotesReader): java.lang.StringIndexOutOfBoundsException: begin -1, end 0, length 0
2022-09-25 11:01:53.725 [main] INFO  - process started at 2022-09-25 11:01:53.721
2022-09-25 11:02:22.688 [main] ERROR - error while searching note (NotesReader): java.lang.StringIndexOutOfBoundsException: begin -1, end 0, length 0
2022-09-25 11:02:22.774 [main] ERROR - error while searching note (NotesReader): java.lang.StringIndexOutOfBoundsException: begin -1, end 0, length 0
2022-09-25 11:07:19.466 [main] INFO  - process started at 2022-09-25 11:07:19.461
2022-09-25 11:07:45.915 [main] ERROR - error while creating note: C:\Users\User\Documents\luis_obsidian\NeverNote.md
2022-09-25 11:07:46.072 [main] ERROR - error while creating note: C:\Users\User\Documents\luis_obsidian\The Matrix.md
2022-09-25 11:10:30.822 [main] ERROR - error while generating tag: Victor Frankl 
2022-09-25 11:10:30.873 [main] ERROR - error while generating tag: NeverNote
2022-09-25 11:10:31.185 [main] ERROR - error while generating tag: NoteStar
2022-09-25 11:10:31.313 [main] ERROR - error while generating tag: NoteStar
2022-09-25 11:10:31.470 [main] ERROR - error while generating tag: Sense of Control
2022-09-25 11:10:31.489 [main] ERROR - error while generating tag: Adversity Paradox
2022-09-25 11:10:31.574 [main] ERROR - error while generating tag: Red Pill, Blue Pill
2022-09-25 11:10:31.732 [main] INFO  - process finishing at 2022-09-25 11:10:31.732
2022-09-25 11:11:03.247 [main] INFO  - process started at 2022-09-25 11:11:03.243
2022-09-25 11:11:26.220 [main] ERROR - error while creating note: C:\Users\User\Documents\luis_obsidian\NeverNote.md
2022-09-25 11:11:26.307 [main] ERROR - error while creating note: C:\Users\User\Documents\luis_obsidian\The Matrix.md
2022-09-25 11:14:16.730 [main] INFO  - process finishing at 2022-09-25 11:14:16.729
2022-09-25 11:15:18.303 [main] INFO  - process started at 2022-09-25 11:15:18.298
2022-09-25 11:15:51.060 [main] ERROR - error while creating note: C:\Users\User\Documents\luis_obsidian\NeverNote.md
2022-09-25 11:15:51.142 [main] ERROR - error while creating note: C:\Users\User\Documents\luis_obsidian\The Matrix.md
2022-09-25 11:18:17.636 [main] INFO  - process finishing at 2022-09-25 11:18:17.636
2022-09-25 11:21:16.383 [main] INFO  - process started at 2022-09-25 11:21:16.379
2022-09-25 11:21:41.393 [main] ERROR - error while creating note: C:\Users\User\Documents\luis_obsidian\NeverNote.md
2022-09-25 11:21:41.475 [main] ERROR - error while creating note: C:\Users\User\Documents\luis_obsidian\The Matrix.md
2022-09-25 11:22:55.025 [main] INFO  - process started at 2022-09-25 11:22:55.02
2022-09-25 11:23:20.733 [main] ERROR - error while creating note: C:\Users\User\Documents\luis_obsidian\NeverNote.md
2022-09-25 11:23:20.816 [main] ERROR - error while creating note: C:\Users\User\Documents\luis_obsidian\The Matrix.md
2022-09-25 11:24:31.140 [main] INFO  - process started at 2022-09-25 11:24:31.136
2022-09-25 11:24:54.436 [main] ERROR - error while creating note: C:\Users\User\Documents\luis_obsidian\NeverNote.md
2022-09-25 11:24:54.558 [main] ERROR - error while creating note: C:\Users\User\Documents\luis_obsidian\The Matrix.md
2022-09-25 11:26:25.084 [main] INFO  - process started at 2022-09-25 11:26:25.079
2022-09-25 11:26:48.933 [main] ERROR - error while creating note: C:\Users\User\Documents\luis_obsidian\NeverNote.md
2022-09-25 11:26:49.048 [main] ERROR - error while creating note: C:\Users\User\Documents\luis_obsidian\The Matrix.md
2022-09-25 11:26:51.277 [main] INFO  - process finishing at 2022-09-25 11:26:51.277
2022-09-25 11:29:08.467 [main] INFO  - process started at 2022-09-25 11:29:08.463
2022-09-25 11:29:32.956 [main] ERROR - error while creating note: C:\Users\User\Documents\luis_obsidian\NeverNote.md
2022-09-25 11:29:33.050 [main] ERROR - error while creating note: C:\Users\User\Documents\luis_obsidian\The Matrix.md
2022-09-25 11:29:36.068 [main] INFO  - process finishing at 2022-09-25 11:29:36.068
2022-09-25 11:40:11.591 [main] INFO  - process started at 2022-09-25 11:40:11.586
2022-09-25 11:40:37.554 [main] ERROR - error while creating note: C:\Users\User\Documents\luis_obsidian\NeverNote.md
2022-09-25 11:40:37.636 [main] ERROR - error while creating note: C:\Users\User\Documents\luis_obsidian\The Matrix.md
2022-09-25 11:41:00.554 [main] INFO  - process finishing at 2022-09-25 11:41:00.554
2022-09-25 11:43:35.155 [main] INFO  - process started at 2022-09-25 11:43:35.15
2022-09-25 11:44:00.540 [main] ERROR - error while creating note: C:\Users\User\Documents\luis_obsidian\NeverNote.md
2022-09-25 11:44:00.625 [main] ERROR - error while creating note: C:\Users\User\Documents\luis_obsidian\The Matrix.md
2022-09-25 11:44:11.675 [main] INFO  - process finishing at 2022-09-25 11:44:11.675
2022-09-25 11:45:41.066 [main] INFO  - process started at 2022-09-25 11:45:41.061
2022-09-25 11:46:05.505 [main] ERROR - error while creating note: C:\Users\User\Documents\luis_obsidian\NeverNote.md
2022-09-25 11:46:05.595 [main] ERROR - error while creating note: C:\Users\User\Documents\luis_obsidian\The Matrix.md
2022-09-25 11:48:13.838 [main] INFO  - process started at 2022-09-25 11:48:13.833
2022-09-25 11:48:39.286 [main] ERROR - error while creating note: C:\Users\User\Documents\luis_obsidian\NeverNote.md
2022-09-25 11:48:39.377 [main] ERROR - error while creating note: C:\Users\User\Documents\luis_obsidian\The Matrix.md
2022-09-25 11:52:25.799 [main] INFO  - process started at 2022-09-25 11:52:25.794
2022-09-25 11:52:48.006 [main] ERROR - error while creating note: C:\Users\User\Documents\luis_obsidian\NeverNote.md
2022-09-25 11:52:48.089 [main] ERROR - error while creating note: C:\Users\User\Documents\luis_obsidian\The Matrix.md
2022-09-25 11:56:35.623 [main] INFO  - process started at 2022-09-25 11:56:35.615
2022-09-25 11:57:00.670 [main] ERROR - error while creating note: C:\Users\User\Documents\luis_obsidian\NeverNote.md
2022-09-25 11:57:00.752 [main] ERROR - error while creating note: C:\Users\User\Documents\luis_obsidian\The Matrix.md
2022-09-25 11:59:27.584 [main] INFO  - process started at 2022-09-25 11:59:27.579
2022-09-25 11:59:51.717 [main] ERROR - error while creating note: C:\Users\User\Documents\luis_obsidian\NeverNote.md
2022-09-25 11:59:51.793 [main] ERROR - error while creating note: C:\Users\User\Documents\luis_obsidian\The Matrix.md
2022-09-25 12:00:02.032 [main] INFO  - process finishing at 2022-09-25 12:00:02.032
2022-09-25 12:00:53.538 [main] INFO  - process started at 2022-09-25 12:00:53.532
2022-09-25 12:01:15.519 [main] ERROR - error while creating note: C:\Users\User\Documents\luis_obsidian\NeverNote.md
2022-09-25 12:01:15.603 [main] ERROR - error while creating note: C:\Users\User\Documents\luis_obsidian\The Matrix.md
2022-09-25 12:03:59.664 [main] INFO  - process started at 2022-09-25 12:03:59.66
2022-09-25 12:04:21.152 [main] ERROR - error while creating note: C:\Users\User\Documents\luis_obsidian\NeverNote.md
2022-09-25 12:04:21.240 [main] ERROR - error while creating note: C:\Users\User\Documents\luis_obsidian\The Matrix.md
2022-09-25 12:06:29.667 [main] INFO  - process started at 2022-09-25 12:06:29.662
2022-09-25 12:06:55.879 [main] ERROR - error while creating note: C:\Users\User\Documents\luis_obsidian\NeverNote.md
2022-09-25 12:06:55.977 [main] ERROR - error while creating note: C:\Users\User\Documents\luis_obsidian\The Matrix.md
2022-09-25 12:08:27.400 [main] INFO  - process started at 2022-09-25 12:08:27.395
2022-09-25 12:08:50.089 [main] ERROR - error while creating note: C:\Users\User\Documents\luis_obsidian\NeverNote.md
2022-09-25 12:08:50.199 [main] ERROR - error while creating note: C:\Users\User\Documents\luis_obsidian\The Matrix.md
2022-09-25 12:15:17.959 [main] INFO  - process started at 2022-09-25 12:15:17.954
2022-09-25 12:15:47.770 [main] ERROR - error while creating note: C:\Users\User\Documents\luis_obsidian\NeverNote.md
2022-09-25 12:15:47.878 [main] ERROR - error while creating note: C:\Users\User\Documents\luis_obsidian\The Matrix.md
2022-09-25 13:52:48.467 [main] INFO  - process started at 2022-09-25 13:52:48.46
2022-09-25 13:57:06.202 [main] INFO  - process started at 2022-09-25 13:57:06.193
2022-09-25 13:57:41.765 [main] INFO  - process finishing at 2022-09-25 13:57:41.765
2022-09-25 13:58:54.461 [main] INFO  - process started at 2022-09-25 13:58:54.454
2022-09-25 13:59:54.982 [main] INFO  - process finishing at 2022-09-25 13:59:54.982
2022-09-25 14:01:19.061 [main] INFO  - process started at 2022-09-25 14:01:19.052
2022-09-25 14:01:52.087 [main] INFO  - process finishing at 2022-09-25 14:01:52.087
2022-09-25 14:04:56.708 [main] INFO  - process started at 2022-09-25 14:04:56.7
2022-09-25 14:05:24.566 [main] INFO  - process finishing at 2022-09-25 14:05:24.566
2022-09-25 14:07:49.231 [main] INFO  - process started at 2022-09-25 14:07:49.221
2022-09-25 14:08:18.400 [main] INFO  - process finishing at 2022-09-25 14:08:18.4
2022-09-25 14:08:51.174 [main] INFO  - process started at 2022-09-25 14:08:51.167
2022-09-25 14:09:18.363 [main] INFO  - process finishing at 2022-09-25 14:09:18.363
2022-09-25 14:12:03.449 [main] INFO  - process started at 2022-09-25 14:12:03.442
2022-09-25 14:12:34.213 [main] INFO  - process finishing at 2022-09-25 14:12:34.213
2022-09-25 14:13:27.835 [main] INFO  - process started at 2022-09-25 14:13:27.827
2022-09-25 14:13:55.093 [main] INFO  - process finishing at 2022-09-25 14:13:55.092
2022-09-25 14:17:14.272 [main] INFO  - process started at 2022-09-25 14:17:14.262
2022-09-25 14:17:46.454 [main] INFO  - process finishing at 2022-09-25 14:17:46.454
2022-09-25 14:19:22.912 [main] INFO  - process started at 2022-09-25 14:19:22.905
2022-09-25 14:19:56.304 [main] ERROR - error while generating tag: Victor Frankl 
2022-09-25 14:19:56.400 [main] ERROR - error while generating tag: NeverNote
2022-09-25 14:19:56.838 [main] ERROR - error while generating tag: NoteStar
2022-09-25 14:19:57.270 [main] ERROR - error while generating tag: NoteStar
2022-09-25 14:19:57.586 [main] ERROR - error while generating tag: Sense of Control
2022-09-25 14:19:57.642 [main] ERROR - error while generating tag: Adversity Paradox
2022-09-25 14:19:57.780 [main] ERROR - error while generating tag: Red Pill, Blue Pill
2022-09-25 14:20:14.139 [main] INFO  - process finishing at 2022-09-25 14:20:14.139
2022-09-25 14:22:30.199 [main] INFO  - process started at 2022-09-25 14:22:30.19
2022-09-25 14:23:00.462 [main] ERROR - linked found in note, but not related note with name Sense of Control in fluree
2022-09-25 14:23:08.686 [main] INFO  - process finishing at 2022-09-25 14:23:08.686
2022-09-25 14:26:45.321 [main] INFO  - process started at 2022-09-25 14:26:45.314
2022-09-25 14:27:14.704 [main] ERROR - linked found in note, but not related note with name Sense of Control in fluree
2022-09-25 14:27:28.310 [main] INFO  - process finishing at 2022-09-25 14:27:28.31
2022-09-25 14:29:11.609 [main] INFO  - process started at 2022-09-25 14:29:11.602
2022-09-25 14:29:39.296 [main] ERROR - linked found in note, but not related note with name Sense of Control in fluree
2022-09-25 14:29:45.326 [main] INFO  - process finishing at 2022-09-25 14:29:45.326
2022-09-25 14:31:22.619 [main] INFO  - process started at 2022-09-25 14:31:22.612
2022-09-25 14:31:54.687 [main] ERROR - linked found in note, but not related note with name Sense of Control in fluree
2022-09-25 14:31:59.600 [main] INFO  - process finishing at 2022-09-25 14:31:59.6
2022-09-25 14:34:08.433 [main] INFO  - process started at 2022-09-25 14:34:08.426
2022-09-25 14:34:36.527 [main] ERROR - linked found in note, but not related note with name Sense of Control in fluree
2022-09-25 14:34:38.859 [main] INFO  - process finishing at 2022-09-25 14:34:38.859
2022-09-25 14:35:57.989 [main] INFO  - process started at 2022-09-25 14:35:57.981
2022-09-25 14:36:20.212 [main] ERROR - linked found in note, but not related note with name Sense of Control in fluree
2022-09-25 14:36:22.272 [main] INFO  - process finishing at 2022-09-25 14:36:22.272
2022-09-25 14:40:08.913 [main] INFO  - process started at 2022-09-25 14:40:08.906
2022-09-25 14:40:37.756 [main] ERROR - linked found in note, but not related note with name Sense of Control in fluree
2022-09-25 14:42:16.235 [main] INFO  - process started at 2022-09-25 14:42:16.228
2022-09-25 14:42:41.350 [main] ERROR - linked found in note, but not related note with name Sense of Control in fluree
2022-09-25 14:42:42.917 [main] INFO  - process finishing at 2022-09-25 14:42:42.917
2022-09-25 14:44:40.020 [main] INFO  - process started at 2022-09-25 14:44:40.012
2022-09-25 14:45:07.241 [main] ERROR - linked found in note, but not related note with name Sense of Control in fluree
2022-09-25 14:45:14.553 [main] INFO  - process finishing at 2022-09-25 14:45:14.553
2022-09-25 14:46:35.838 [main] INFO  - process started at 2022-09-25 14:46:35.828
2022-09-25 14:47:04.835 [main] ERROR - linked found in note, but not related note with name Sense of Control in fluree
2022-09-25 14:47:07.578 [main] INFO  - process finishing at 2022-09-25 14:47:07.578
